<?xml version="1.0" encoding="UTF-8"?>
<!-- Generated by org.testng.reporters.JUnitReportReporter -->
<testsuite hostname="saurabh-gloify" failures="0" tests="2" name="rmspac.CusterSort" time="21.500" errors="0" timestamp="2023-03-03T14:03:02 IST" skipped="0">
  <testcase classname="rmspac.CusterSort" name="Clustersort" time="9.385"/>
  <system-out/>
  <testcase classname="rmspac.CusterSort" name="baseclass" time="12.115"/>
  <system-out/>
</testsuite> <!-- rmspac.CusterSort -->
