<?xml version="1.0" encoding="UTF-8"?>
<!-- Generated by org.testng.reporters.JUnitReportReporter -->
<testsuite hostname="saurabh-gloify" failures="0" tests="1" name="rmspac.Baseclass" time="19.712" errors="0" timestamp="2023-03-13T13:32:45 IST" skipped="0">
  <testcase classname="rmspac.Baseclass" name="open" time="19.712"/>
  <system-out/>
</testsuite> <!-- rmspac.Baseclass -->
