<?xml version="1.0" encoding="UTF-8"?>
<!-- Generated by org.testng.reporters.JUnitReportReporter -->
<testsuite hostname="saurabh-gloify" failures="0" tests="1" name="rmspac.Client" time="14.301" errors="0" timestamp="2023-02-22T12:28:07 IST" skipped="0">
  <testcase classname="rmspac.Client" name="Addclient" time="14.301"/>
  <system-out/>
</testsuite> <!-- rmspac.Client -->
