<?xml version="1.0" encoding="UTF-8"?>
<!-- Generated by org.testng.reporters.JUnitReportReporter -->
<testsuite hostname="saurabh-gloify" failures="0" tests="2" name="rmspac.clientaddeddetails" time="15.932" errors="0" timestamp="2023-02-27T16:36:16 IST" skipped="0">
  <testcase classname="rmspac.clientaddeddetails" name="baseclass" time="12.113"/>
  <system-out/>
  <testcase classname="rmspac.clientaddeddetails" name="clientdetails" time="3.819"/>
  <system-out/>
</testsuite> <!-- rmspac.clientaddeddetails -->
