<?xml version="1.0" encoding="UTF-8"?>
<!-- Generated by org.testng.reporters.JUnitReportReporter -->
<testsuite hostname="saurabh-gloify" failures="0" tests="1" name="rmspac.ClientUI" time="22.968" errors="0" timestamp="2023-03-13T13:38:30 IST" skipped="0">
  <testcase classname="rmspac.ClientUI" name="clientui" time="22.968"/>
  <system-out/>
</testsuite> <!-- rmspac.ClientUI -->
