<?xml version="1.0" encoding="UTF-8"?>
<!-- Generated by org.testng.reporters.JUnitReportReporter -->
<testsuite hostname="saurabh-gloify" failures="0" tests="2" name="rmspac.Projectfilter" time="32.799" errors="0" timestamp="2023-03-10T19:00:48 IST" skipped="0">
  <testcase classname="rmspac.Projectfilter" name="projectclientfilter" time="13.034"/>
  <system-out/>
  <testcase classname="rmspac.Projectfilter" name="projectcusterfilter" time="19.765"/>
  <system-out/>
</testsuite> <!-- rmspac.Projectfilter -->
