<?xml version="1.0" encoding="UTF-8"?>
<!-- Generated by org.testng.reporters.JUnitReportReporter -->
<testsuite hostname="saurabh-gloify" failures="0" tests="1" name="rmspac.clusterUI" time="16.639" errors="0" timestamp="2023-03-27T18:18:12 IST" skipped="0">
  <testcase classname="rmspac.clusterUI" name="clusterUI" time="16.639"/>
  <system-out/>
</testsuite> <!-- rmspac.clusterUI -->
