<?xml version="1.0" encoding="UTF-8"?>
<!-- Generated by org.testng.reporters.JUnitReportReporter -->
<testsuite hostname="saurabh-gloify" failures="0" tests="2" name="rmspac.Clienteditdelete" time="58.630" errors="0" timestamp="2023-03-09T16:19:10 IST" skipped="0">
  <testcase classname="rmspac.Clienteditdelete" name="ClientEdit" time="30.880"/>
  <system-out/>
  <testcase classname="rmspac.Clienteditdelete" name="Clientdelete" time="27.750"/>
  <system-out/>
</testsuite> <!-- rmspac.Clienteditdelete -->
