<?xml version="1.0" encoding="UTF-8"?>
<!-- Generated by org.testng.reporters.JUnitReportReporter -->
<testsuite hostname="saurabh-gloify" failures="0" tests="4" name="rmspac.Login" time="47.706" errors="0" timestamp="2023-03-09T16:19:10 IST" skipped="0">
  <testcase classname="rmspac.Login" name="loginDatadriven" time="18.849"/>
  <system-out/>
  <testcase classname="rmspac.Login" name="loginDatadriven" time="9.789"/>
  <system-out/>
  <testcase classname="rmspac.Login" name="loginDatadriven" time="9.811"/>
  <system-out/>
  <testcase classname="rmspac.Login" name="loginDatadriven" time="9.257"/>
  <system-out/>
</testsuite> <!-- rmspac.Login -->
