<?xml version="1.0" encoding="UTF-8"?>
<!-- Generated by org.testng.reporters.JUnitReportReporter -->
<testsuite hostname="saurabh-gloify" failures="0" tests="1" name="rmspac.clientsort" time="28.957" errors="0" timestamp="2023-03-09T16:19:10 IST" skipped="0">
  <testcase classname="rmspac.clientsort" name="Clientsort" time="28.957"/>
  <system-out/>
</testsuite> <!-- rmspac.clientsort -->
