<?xml version="1.0" encoding="UTF-8"?>
<!-- Generated by org.testng.reporters.JUnitReportReporter -->
<testsuite hostname="saurabh-gloify" failures="0" tests="1" name="rmspac.Projectsearch" time="27.950" errors="0" timestamp="2023-03-10T13:40:58 IST" skipped="0">
  <testcase classname="rmspac.Projectsearch" name="addproject" time="27.950"/>
  <system-out/>
</testsuite> <!-- rmspac.Projectsearch -->
