<?xml version="1.0" encoding="UTF-8"?>
<!-- Generated by org.testng.reporters.JUnitReportReporter -->
<testsuite hostname="saurabh-gloify" failures="0" tests="2" name="rmspac.Clustereditdelete" time="54.899" errors="0" timestamp="2023-03-09T16:19:10 IST" skipped="0">
  <testcase classname="rmspac.Clustereditdelete" name="bclusterdelete" time="33.493"/>
  <system-out/>
  <testcase classname="rmspac.Clustereditdelete" name="aedit" time="21.406"/>
  <system-out/>
</testsuite> <!-- rmspac.Clustereditdelete -->
